<?xml version="1.0" encoding="UTF-8"?><testsuite errors="0" failures="1" name="Registrar Usuario" skipped="0" tests="2" time="56.78" timestamp="2022-11-16 11:05:26"><testcase name="Registrar usuario"/><testcase name="Usuario ya registrado"><failure message="Expected enabled element was not enabled" type="net.thucydides.core.webdriver.exceptions.ElementShouldBeEnabledException">Expected enabled element was not enabled</failure><system-err>Expected enabled element was not enabled&#13;
co.com.falabella.tasks.RegistrarUsuario.performAs(RegistrarUsuario.java:23)&#13;
co.com.falabella.stepdefinitions.RegistrarDefinition.elUsuarioSeRegistraConLosDatos(RegistrarDefinition.java:24)&#13;
cucumber.runner.Runner.runPickle(Runner.java:80)&#13;
</system-err></testcase></testsuite>